TN:
SF:/Users/rishukishan/Documents/9th/internship/TrustChain/contracts/trustchain-task6-s1/contracts/GeoRecommender.sol
FN:42,onlyOracle
FN:47,constructor
FN:51,setOracle
FN:64,registerPOI
FN:77,updateScore
FN:83,deactivatePOI
FN:95,getRecommendations
FN:147,poiCount
FNF:8
FNH:8
FNDA:20,onlyOracle
FNDA:7,constructor
FNDA:1,setOracle
FNDA:10,registerPOI
FNDA:7,updateScore
FNDA:1,deactivatePOI
FNDA:3,getRecommendations
FNDA:1,poiCount
DA:43,20
DA:44,18
DA:48,7
DA:52,1
DA:53,1
DA:54,1
DA:65,10
DA:66,10
DA:67,9
DA:69,8
DA:70,8
DA:71,8
DA:73,8
DA:78,7
DA:79,7
DA:80,7
DA:84,1
DA:85,1
DA:86,1
DA:102,3
DA:103,3
DA:105,3
DA:106,3
DA:107,3
DA:108,3
DA:110,3
DA:111,6
DA:112,6
DA:113,6
DA:120,4
DA:121,4
DA:122,4
DA:126,3
DA:127,3
DA:130,3
DA:131,3
DA:132,3
DA:133,3
DA:134,2
DA:137,3
DA:138,2
DA:139,2
DA:141,3
DA:144,3
DA:148,1
LF:45
LH:45
BRDA:43,1,0,18
BRDA:43,1,1,2
BRDA:51,2,0,1
BRDA:51,2,1,1
BRDA:52,3,0,1
BRDA:52,3,1,0
BRDA:64,4,0,10
BRDA:64,4,1,1
BRDA:65,5,0,10
BRDA:65,5,1,0
BRDA:66,6,0,9
BRDA:66,6,1,1
BRDA:67,7,0,8
BRDA:67,7,1,1
BRDA:77,8,0,7
BRDA:77,8,1,1
BRDA:78,9,0,7
BRDA:78,9,1,0
BRDA:83,10,0,1
BRDA:83,10,1,0
BRDA:84,11,0,1
BRDA:84,11,1,0
BRDA:102,12,0,3
BRDA:102,12,1,0
BRDA:103,13,0,3
BRDA:103,13,1,0
BRDA:113,14,0,4
BRDA:113,14,1,2
BRDA:126,15,0,2
BRDA:126,15,1,1
BRDA:133,16,0,2
BRDA:133,16,1,1
BRDA:137,17,0,2
BRDA:137,17,1,1
BRF:34
BRH:27
end_of_record
TN:
SF:/Users/rishukishan/Documents/9th/internship/TrustChain/contracts/trustchain-task6-s1/contracts/ProofOfRecommendation.sol
FN:62,onlyRegistered
FN:71,constructor
FN:78,submitRecommendation
FN:98,vote
FN:127,_confirm
FN:133,_flag
FN:148,getRecommendation
FN:163,recommendationCount
FN:172,setParameters
FNF:9
FNH:8
FNDA:24,onlyRegistered
FNDA:9,constructor
FNDA:7,submitRecommendation
FNDA:16,vote
FNDA:2,_confirm
FNDA:2,_flag
FNDA:3,getRecommendation
FNDA:0,recommendationCount
FNDA:1,setParameters
DA:63,24
DA:64,23
DA:72,9
DA:73,9
DA:79,7
DA:81,7
DA:90,7
DA:92,7
DA:99,16
DA:100,16
DA:102,16
DA:103,15
DA:104,14
DA:106,13
DA:108,13
DA:109,7
DA:111,6
DA:114,13
DA:120,13
DA:121,2
DA:123,2
DA:128,2
DA:129,2
DA:130,2
DA:134,2
DA:138,2
DA:139,2
DA:141,2
DA:142,1
DA:145,2
DA:159,3
DA:160,3
DA:164,0
DA:173,1
DA:174,1
DA:176,1
DA:177,1
DA:178,1
DA:179,1
DA:181,1
LF:40
LH:39
BRDA:63,1,0,23
BRDA:63,1,1,1
BRDA:78,2,0,7
BRDA:78,2,1,1
BRDA:79,3,0,7
BRDA:79,3,1,0
BRDA:98,4,0,16
BRDA:98,4,1,0
BRDA:98,5,0,16
BRDA:98,5,1,0
BRDA:99,6,0,16
BRDA:99,6,1,0
BRDA:102,7,0,15
BRDA:102,7,1,1
BRDA:103,8,0,14
BRDA:103,8,1,1
BRDA:104,9,0,13
BRDA:104,9,1,1
BRDA:108,10,0,7
BRDA:108,10,1,6
BRDA:120,11,0,2
BRDA:120,11,1,11
BRDA:122,12,0,2
BRDA:122,12,1,9
BRDA:139,13,0,1
BRDA:139,13,1,1
BRDA:141,14,0,1
BRDA:141,14,1,1
BRDA:172,15,0,1
BRDA:172,15,1,1
BRDA:173,16,0,1
BRDA:173,16,1,0
BRDA:174,17,0,1
BRDA:174,17,1,0
BRF:34
BRH:28
end_of_record
TN:
SF:/Users/rishukishan/Documents/9th/internship/TrustChain/contracts/trustchain-task6-s1/contracts/StakingContract.sol
FN:26,constructor
FN:32,stake
FN:45,unstake
FN:60,slash
FN:69,isVisible
FN:73,setMinimumStake
FNF:6
FNH:5
FNDA:6,constructor
FNDA:6,stake
FNDA:2,unstake
FNDA:1,slash
FNDA:2,isVisible
FNDA:0,setMinimumStake
DA:27,6
DA:33,6
DA:36,6
DA:38,6
DA:39,6
DA:41,6
DA:46,2
DA:47,2
DA:49,1
DA:51,1
DA:52,1
DA:54,1
DA:61,1
DA:63,1
DA:64,1
DA:66,1
DA:70,2
DA:74,0
DA:75,0
LF:19
LH:17
BRDA:32,1,0,6
BRDA:32,1,1,0
BRDA:33,2,0,6
BRDA:33,2,1,0
BRDA:39,3,0,6
BRDA:39,3,1,0
BRDA:45,4,0,2
BRDA:45,4,1,0
BRDA:46,5,0,2
BRDA:46,5,1,0
BRDA:47,6,0,1
BRDA:47,6,1,1
BRDA:52,7,0,1
BRDA:52,7,1,0
BRDA:60,8,0,1
BRDA:60,8,1,1
BRDA:61,9,0,1
BRDA:61,9,1,0
BRDA:73,10,0,0
BRDA:73,10,1,0
BRF:20
BRH:11
end_of_record
TN:
SF:/Users/rishukishan/Documents/9th/internship/TrustChain/contracts/trustchain-task6-s1/contracts/TrustToken.sol
FN:19,onlyController
FN:26,constructor
FN:34,setController
FN:40,mint
FN:45,burnFrom
FNF:5
FNH:5
FNDA:29,onlyController
FNDA:29,constructor
FNDA:42,setController
FNDA:24,mint
FNDA:3,burnFrom
DA:20,29
DA:21,27
DA:28,29
DA:29,1
DA:35,42
DA:36,42
DA:41,24
DA:46,3
LF:8
LH:8
BRDA:20,1,0,27
BRDA:20,1,1,2
BRDA:28,2,0,1
BRDA:28,2,1,28
BRDA:34,3,0,42
BRDA:34,3,1,1
BRDA:40,4,0,24
BRDA:40,4,1,1
BRDA:45,5,0,3
BRDA:45,5,1,1
BRF:10
BRH:10
end_of_record
TN:
SF:/Users/rishukishan/Documents/9th/internship/TrustChain/contracts/trustchain-task6-s1/contracts/UserRegistry.sol
FN:31,onlyRegistered
FN:36,constructor
FN:41,registerUser
FN:50,checkIn
FN:62,getCheckInCount
FN:66,getCheckIn
FN:71,setCheckInReward
FNF:7
FNH:6
FNDA:14,onlyRegistered
FNDA:16,constructor
FNDA:51,registerUser
FNDA:13,checkIn
FNDA:2,getCheckInCount
FNDA:0,getCheckIn
FNDA:1,setCheckInReward
DA:32,14
DA:33,13
DA:37,16
DA:42,51
DA:43,50
DA:44,50
DA:51,13
DA:52,13
DA:54,12
DA:55,12
DA:57,12
DA:59,12
DA:63,2
DA:67,0
DA:68,0
DA:72,1
DA:73,1
LF:17
LH:15
BRDA:32,1,0,13
BRDA:32,1,1,1
BRDA:42,2,0,50
BRDA:42,2,1,1
BRDA:50,3,0,13
BRDA:50,3,1,1
BRDA:50,4,0,13
BRDA:50,4,1,0
BRDA:51,5,0,13
BRDA:51,5,1,0
BRDA:52,6,0,12
BRDA:52,6,1,1
BRDA:71,7,0,1
BRDA:71,7,1,1
BRF:14
BRH:12
end_of_record
