{"contracts/GeoRecommender.sol":{"l":{"43":20,"44":18,"48":7,"52":1,"53":1,"54":1,"65":10,"66":10,"67":9,"69":8,"70":8,"71":8,"73":8,"78":7,"79":7,"80":7,"84":1,"85":1,"86":1,"102":3,"103":3,"105":3,"106":3,"107":3,"108":3,"110":3,"111":6,"112":6,"113":6,"120":4,"121":4,"122":4,"126":3,"127":3,"130":3,"131":3,"132":3,"133":3,"134":2,"137":3,"138":2,"139":2,"141":3,"144":3,"148":1},"path":"/Users/rishukishan/Documents/9th/internship/TrustChain/contracts/trustchain-task6-s1/contracts/GeoRecommender.sol","s":{"1":20,"2":1,"3":1,"4":10,"5":10,"6":9,"7":8,"8":8,"9":7,"10":7,"11":1,"12":1,"13":3,"14":3,"15":3,"16":3,"17":3,"18":3,"19":3,"20":6,"21":6,"22":6,"23":3,"24":3,"25":3,"26":3,"27":3,"28":3,"29":3,"30":3,"31":1},"b":{"1":[18,2],"2":[1,1],"3":[1,0],"4":[10,1],"5":[10,0],"6":[9,1],"7":[8,1],"8":[7,1],"9":[7,0],"10":[1,0],"11":[1,0],"12":[3,0],"13":[3,0],"14":[4,2],"15":[2,1],"16":[2,1],"17":[2,1]},"f":{"1":20,"2":7,"3":1,"4":10,"5":7,"6":1,"7":3,"8":1},"fnMap":{"1":{"name":"onlyOracle","line":42,"loc":{"start":{"line":42,"column":4},"end":{"line":45,"column":4}}},"2":{"name":"constructor","line":47,"loc":{"start":{"line":47,"column":4},"end":{"line":49,"column":4}}},"3":{"name":"setOracle","line":51,"loc":{"start":{"line":51,"column":4},"end":{"line":55,"column":4}}},"4":{"name":"registerPOI","line":64,"loc":{"start":{"line":64,"column":4},"end":{"line":74,"column":4}}},"5":{"name":"updateScore","line":77,"loc":{"start":{"line":77,"column":4},"end":{"line":81,"column":4}}},"6":{"name":"deactivatePOI","line":83,"loc":{"start":{"line":83,"column":4},"end":{"line":87,"column":4}}},"7":{"name":"getRecommendations","line":95,"loc":{"start":{"line":95,"column":4},"end":{"line":145,"column":4}}},"8":{"name":"poiCount","line":147,"loc":{"start":{"line":147,"column":4},"end":{"line":149,"column":4}}}},"statementMap":{"1":{"start":{"line":43,"column":8},"end":{"line":43,"column":80}},"2":{"start":{"line":52,"column":8},"end":{"line":52,"column":88}},"3":{"start":{"line":54,"column":8},"end":{"line":54,"column":37}},"4":{"start":{"line":65,"column":8},"end":{"line":65,"column":75}},"5":{"start":{"line":66,"column":8},"end":{"line":66,"column":84}},"6":{"start":{"line":67,"column":8},"end":{"line":67,"column":84}},"7":{"start":{"line":71,"column":8},"end":{"line":71,"column":25}},"8":{"start":{"line":73,"column":8},"end":{"line":73,"column":43}},"9":{"start":{"line":78,"column":8},"end":{"line":78,"column":70}},"10":{"start":{"line":80,"column":8},"end":{"line":80,"column":45}},"11":{"start":{"line":84,"column":8},"end":{"line":84,"column":70}},"12":{"start":{"line":86,"column":8},"end":{"line":86,"column":34}},"13":{"start":{"line":102,"column":8},"end":{"line":102,"column":69}},"14":{"start":{"line":103,"column":8},"end":{"line":103,"column":69}},"15":{"start":{"line":105,"column":8},"end":{"line":105,"column":37}},"16":{"start":{"line":106,"column":8},"end":{"line":106,"column":58}},"17":{"start":{"line":107,"column":8},"end":{"line":107,"column":61}},"18":{"start":{"line":108,"column":8},"end":{"line":108,"column":30}},"19":{"start":{"line":110,"column":8},"end":{"line":110,"column":4752}},"20":{"start":{"line":111,"column":12},"end":{"line":111,"column":34}},"21":{"start":{"line":112,"column":12},"end":{"line":112,"column":38}},"22":{"start":{"line":113,"column":12},"end":{"line":113,"column":4882}},"23":{"start":{"line":126,"column":8},"end":{"line":126,"column":79}},"24":{"start":{"line":127,"column":8},"end":{"line":127,"column":60}},"25":{"start":{"line":130,"column":8},"end":{"line":130,"column":5462}},"26":{"start":{"line":131,"column":12},"end":{"line":131,"column":31}},"27":{"start":{"line":132,"column":12},"end":{"line":132,"column":5555}},"28":{"start":{"line":133,"column":16},"end":{"line":133,"column":5622}},"29":{"start":{"line":137,"column":12},"end":{"line":137,"column":5744}},"30":{"start":{"line":144,"column":8},"end":{"line":144,"column":21}},"31":{"start":{"line":148,"column":8},"end":{"line":148,"column":28}}},"branchMap":{"1":{"line":43,"type":"if","locations":[{"start":{"line":43,"column":8},"end":{"line":43,"column":8}},{"start":{"line":43,"column":8},"end":{"line":43,"column":8}}]},"2":{"line":51,"type":"if","locations":[{"start":{"line":51,"column":51},"end":{"line":51,"column":51}},{"start":{"line":51,"column":51},"end":{"line":51,"column":51}}]},"3":{"line":52,"type":"if","locations":[{"start":{"line":52,"column":8},"end":{"line":52,"column":8}},{"start":{"line":52,"column":8},"end":{"line":52,"column":8}}]},"4":{"line":64,"type":"if","locations":[{"start":{"line":64,"column":73},"end":{"line":64,"column":73}},{"start":{"line":64,"column":73},"end":{"line":64,"column":73}}]},"5":{"line":65,"type":"if","locations":[{"start":{"line":65,"column":8},"end":{"line":65,"column":8}},{"start":{"line":65,"column":8},"end":{"line":65,"column":8}}]},"6":{"line":66,"type":"if","locations":[{"start":{"line":66,"column":8},"end":{"line":66,"column":8}},{"start":{"line":66,"column":8},"end":{"line":66,"column":8}}]},"7":{"line":67,"type":"if","locations":[{"start":{"line":67,"column":8},"end":{"line":67,"column":8}},{"start":{"line":67,"column":8},"end":{"line":67,"column":8}}]},"8":{"line":77,"type":"if","locations":[{"start":{"line":77,"column":67},"end":{"line":77,"column":67}},{"start":{"line":77,"column":67},"end":{"line":77,"column":67}}]},"9":{"line":78,"type":"if","locations":[{"start":{"line":78,"column":8},"end":{"line":78,"column":8}},{"start":{"line":78,"column":8},"end":{"line":78,"column":8}}]},"10":{"line":83,"type":"if","locations":[{"start":{"line":83,"column":51},"end":{"line":83,"column":51}},{"start":{"line":83,"column":51},"end":{"line":83,"column":51}}]},"11":{"line":84,"type":"if","locations":[{"start":{"line":84,"column":8},"end":{"line":84,"column":8}},{"start":{"line":84,"column":8},"end":{"line":84,"column":8}}]},"12":{"line":102,"type":"if","locations":[{"start":{"line":102,"column":8},"end":{"line":102,"column":8}},{"start":{"line":102,"column":8},"end":{"line":102,"column":8}}]},"13":{"line":103,"type":"if","locations":[{"start":{"line":103,"column":8},"end":{"line":103,"column":8}},{"start":{"line":103,"column":8},"end":{"line":103,"column":8}}]},"14":{"line":113,"type":"if","locations":[{"start":{"line":113,"column":12},"end":{"line":113,"column":12}},{"start":{"line":113,"column":12},"end":{"line":113,"column":12}}]},"15":{"line":126,"type":"if","locations":[{"start":{"line":126,"column":56},"end":{"line":126,"column":65}},{"start":{"line":126,"column":69},"end":{"line":126,"column":78}}]},"16":{"line":133,"type":"if","locations":[{"start":{"line":133,"column":16},"end":{"line":133,"column":16}},{"start":{"line":133,"column":16},"end":{"line":133,"column":16}}]},"17":{"line":137,"type":"if","locations":[{"start":{"line":137,"column":12},"end":{"line":137,"column":12}},{"start":{"line":137,"column":12},"end":{"line":137,"column":12}}]}}},"contracts/ProofOfRecommendation.sol":{"l":{"63":24,"64":23,"72":9,"73":9,"79":7,"81":7,"90":7,"92":7,"99":16,"100":16,"102":16,"103":15,"104":14,"106":13,"108":13,"109":7,"111":6,"114":13,"120":13,"121":2,"123":2,"128":2,"129":2,"130":2,"134":2,"138":2,"139":2,"141":2,"142":1,"145":2,"159":3,"160":3,"164":0,"173":1,"174":1,"176":1,"177":1,"178":1,"179":1,"181":1},"path":"/Users/rishukishan/Documents/9th/internship/TrustChain/contracts/trustchain-task6-s1/contracts/ProofOfRecommendation.sol","s":{"1":24,"2":7,"3":7,"4":7,"5":16,"6":16,"7":16,"8":15,"9":14,"10":13,"11":13,"12":13,"13":2,"14":11,"15":2,"16":2,"17":2,"18":2,"19":2,"20":2,"21":1,"22":2,"23":3,"24":3,"25":0,"26":1,"27":1,"28":1},"b":{"1":[23,1],"2":[7,1],"3":[7,0],"4":[16,0],"5":[16,0],"6":[16,0],"7":[15,1],"8":[14,1],"9":[13,1],"10":[7,6],"11":[2,11],"12":[2,9],"13":[1,1],"14":[1,1],"15":[1,1],"16":[1,0],"17":[1,0]},"f":{"1":24,"2":9,"3":7,"4":16,"5":2,"6":2,"7":3,"8":0,"9":1},"fnMap":{"1":{"name":"onlyRegistered","line":62,"loc":{"start":{"line":62,"column":4},"end":{"line":65,"column":4}}},"2":{"name":"constructor","line":71,"loc":{"start":{"line":67,"column":4},"end":{"line":74,"column":4}}},"3":{"name":"submitRecommendation","line":78,"loc":{"start":{"line":78,"column":4},"end":{"line":93,"column":4}}},"4":{"name":"vote","line":98,"loc":{"start":{"line":98,"column":4},"end":{"line":125,"column":4}}},"5":{"name":"_confirm","line":127,"loc":{"start":{"line":127,"column":4},"end":{"line":131,"column":4}}},"6":{"name":"_flag","line":133,"loc":{"start":{"line":133,"column":4},"end":{"line":146,"column":4}}},"7":{"name":"getRecommendation","line":148,"loc":{"start":{"line":148,"column":4},"end":{"line":161,"column":4}}},"8":{"name":"recommendationCount","line":163,"loc":{"start":{"line":163,"column":4},"end":{"line":165,"column":4}}},"9":{"name":"setParameters","line":172,"loc":{"start":{"line":167,"column":4},"end":{"line":182,"column":4}}}},"statementMap":{"1":{"start":{"line":63,"column":8},"end":{"line":63,"column":93}},"2":{"start":{"line":79,"column":8},"end":{"line":79,"column":70}},"3":{"start":{"line":81,"column":8},"end":{"line":81,"column":3193}},"4":{"start":{"line":92,"column":8},"end":{"line":92,"column":65}},"5":{"start":{"line":99,"column":8},"end":{"line":99,"column":81}},"6":{"start":{"line":100,"column":8},"end":{"line":100,"column":56}},"7":{"start":{"line":102,"column":8},"end":{"line":102,"column":84}},"8":{"start":{"line":103,"column":8},"end":{"line":103,"column":102}},"9":{"start":{"line":104,"column":8},"end":{"line":104,"column":63}},"10":{"start":{"line":108,"column":8},"end":{"line":108,"column":4301}},"11":{"start":{"line":114,"column":8},"end":{"line":114,"column":43}},"12":{"start":{"line":120,"column":8},"end":{"line":120,"column":4755}},"13":{"start":{"line":121,"column":12},"end":{"line":121,"column":28}},"14":{"start":{"line":122,"column":15},"end":{"line":122,"column":4847}},"15":{"start":{"line":123,"column":12},"end":{"line":123,"column":25}},"16":{"start":{"line":129,"column":8},"end":{"line":129,"column":59}},"17":{"start":{"line":130,"column":8},"end":{"line":130,"column":77}},"18":{"start":{"line":138,"column":8},"end":{"line":138,"column":70}},"19":{"start":{"line":139,"column":8},"end":{"line":139,"column":89}},"20":{"start":{"line":141,"column":8},"end":{"line":141,"column":5606}},"21":{"start":{"line":142,"column":12},"end":{"line":142,"column":54}},"22":{"start":{"line":145,"column":8},"end":{"line":145,"column":62}},"23":{"start":{"line":159,"column":8},"end":{"line":159,"column":56}},"24":{"start":{"line":160,"column":8},"end":{"line":160,"column":92}},"25":{"start":{"line":164,"column":8},"end":{"line":164,"column":37}},"26":{"start":{"line":173,"column":8},"end":{"line":173,"column":81}},"27":{"start":{"line":174,"column":8},"end":{"line":174,"column":71}},"28":{"start":{"line":181,"column":8},"end":{"line":181,"column":98}}},"branchMap":{"1":{"line":63,"type":"if","locations":[{"start":{"line":63,"column":8},"end":{"line":63,"column":8}},{"start":{"line":63,"column":8},"end":{"line":63,"column":8}}]},"2":{"line":78,"type":"if","locations":[{"start":{"line":78,"column":64},"end":{"line":78,"column":64}},{"start":{"line":78,"column":64},"end":{"line":78,"column":64}}]},"3":{"line":79,"type":"if","locations":[{"start":{"line":79,"column":8},"end":{"line":79,"column":8}},{"start":{"line":79,"column":8},"end":{"line":79,"column":8}}]},"4":{"line":98,"type":"if","locations":[{"start":{"line":98,"column":53},"end":{"line":98,"column":53}},{"start":{"line":98,"column":53},"end":{"line":98,"column":53}}]},"5":{"line":98,"type":"if","locations":[{"start":{"line":98,"column":68},"end":{"line":98,"column":68}},{"start":{"line":98,"column":68},"end":{"line":98,"column":68}}]},"6":{"line":99,"type":"if","locations":[{"start":{"line":99,"column":8},"end":{"line":99,"column":8}},{"start":{"line":99,"column":8},"end":{"line":99,"column":8}}]},"7":{"line":102,"type":"if","locations":[{"start":{"line":102,"column":8},"end":{"line":102,"column":8}},{"start":{"line":102,"column":8},"end":{"line":102,"column":8}}]},"8":{"line":103,"type":"if","locations":[{"start":{"line":103,"column":8},"end":{"line":103,"column":8}},{"start":{"line":103,"column":8},"end":{"line":103,"column":8}}]},"9":{"line":104,"type":"if","locations":[{"start":{"line":104,"column":8},"end":{"line":104,"column":8}},{"start":{"line":104,"column":8},"end":{"line":104,"column":8}}]},"10":{"line":108,"type":"if","locations":[{"start":{"line":108,"column":8},"end":{"line":108,"column":8}},{"start":{"line":108,"column":8},"end":{"line":108,"column":8}}]},"11":{"line":120,"type":"if","locations":[{"start":{"line":120,"column":8},"end":{"line":120,"column":8}},{"start":{"line":120,"column":8},"end":{"line":120,"column":8}}]},"12":{"line":122,"type":"if","locations":[{"start":{"line":122,"column":15},"end":{"line":122,"column":15}},{"start":{"line":122,"column":15},"end":{"line":122,"column":15}}]},"13":{"line":139,"type":"if","locations":[{"start":{"line":139,"column":59},"end":{"line":139,"column":74}},{"start":{"line":139,"column":78},"end":{"line":139,"column":88}}]},"14":{"line":141,"type":"if","locations":[{"start":{"line":141,"column":8},"end":{"line":141,"column":8}},{"start":{"line":141,"column":8},"end":{"line":141,"column":8}}]},"15":{"line":172,"type":"if","locations":[{"start":{"line":172,"column":15},"end":{"line":172,"column":15}},{"start":{"line":172,"column":15},"end":{"line":172,"column":15}}]},"16":{"line":173,"type":"if","locations":[{"start":{"line":173,"column":8},"end":{"line":173,"column":8}},{"start":{"line":173,"column":8},"end":{"line":173,"column":8}}]},"17":{"line":174,"type":"if","locations":[{"start":{"line":174,"column":8},"end":{"line":174,"column":8}},{"start":{"line":174,"column":8},"end":{"line":174,"column":8}}]}}},"contracts/StakingContract.sol":{"l":{"27":6,"33":6,"36":6,"38":6,"39":6,"41":6,"46":2,"47":2,"49":1,"51":1,"52":1,"54":1,"61":1,"63":1,"64":1,"66":1,"70":2,"74":0,"75":0},"path":"/Users/rishukishan/Documents/9th/internship/TrustChain/contracts/trustchain-task6-s1/contracts/StakingContract.sol","s":{"1":6,"2":6,"3":6,"4":6,"5":2,"6":2,"7":1,"8":1,"9":1,"10":1,"11":1,"12":1,"13":2,"14":0},"b":{"1":[6,0],"2":[6,0],"3":[6,0],"4":[2,0],"5":[2,0],"6":[1,1],"7":[1,0],"8":[1,1],"9":[1,0],"10":[0,0]},"f":{"1":6,"2":6,"3":2,"4":1,"5":2,"6":0},"fnMap":{"1":{"name":"constructor","line":26,"loc":{"start":{"line":26,"column":4},"end":{"line":28,"column":4}}},"2":{"name":"stake","line":32,"loc":{"start":{"line":32,"column":4},"end":{"line":42,"column":4}}},"3":{"name":"unstake","line":45,"loc":{"start":{"line":45,"column":4},"end":{"line":55,"column":4}}},"4":{"name":"slash","line":60,"loc":{"start":{"line":60,"column":4},"end":{"line":67,"column":4}}},"5":{"name":"isVisible","line":69,"loc":{"start":{"line":69,"column":4},"end":{"line":71,"column":4}}},"6":{"name":"setMinimumStake","line":73,"loc":{"start":{"line":73,"column":4},"end":{"line":76,"column":4}}}},"statementMap":{"1":{"start":{"line":33,"column":8},"end":{"line":33,"column":65}},"2":{"start":{"line":38,"column":8},"end":{"line":38,"column":81}},"3":{"start":{"line":39,"column":8},"end":{"line":39,"column":63}},"4":{"start":{"line":41,"column":8},"end":{"line":41,"column":66}},"5":{"start":{"line":46,"column":8},"end":{"line":46,"column":65}},"6":{"start":{"line":47,"column":8},"end":{"line":47,"column":90}},"7":{"start":{"line":51,"column":8},"end":{"line":51,"column":62}},"8":{"start":{"line":52,"column":8},"end":{"line":52,"column":59}},"9":{"start":{"line":54,"column":8},"end":{"line":54,"column":68}},"10":{"start":{"line":61,"column":8},"end":{"line":61,"column":97}},"11":{"start":{"line":64,"column":8},"end":{"line":64,"column":49}},"12":{"start":{"line":66,"column":8},"end":{"line":66,"column":46}},"13":{"start":{"line":70,"column":8},"end":{"line":70,"column":54}},"14":{"start":{"line":75,"column":8},"end":{"line":75,"column":44}}},"branchMap":{"1":{"line":32,"type":"if","locations":[{"start":{"line":32,"column":44},"end":{"line":32,"column":44}},{"start":{"line":32,"column":44},"end":{"line":32,"column":44}}]},"2":{"line":33,"type":"if","locations":[{"start":{"line":33,"column":8},"end":{"line":33,"column":8}},{"start":{"line":33,"column":8},"end":{"line":33,"column":8}}]},"3":{"line":39,"type":"if","locations":[{"start":{"line":39,"column":8},"end":{"line":39,"column":8}},{"start":{"line":39,"column":8},"end":{"line":39,"column":8}}]},"4":{"line":45,"type":"if","locations":[{"start":{"line":45,"column":46},"end":{"line":45,"column":46}},{"start":{"line":45,"column":46},"end":{"line":45,"column":46}}]},"5":{"line":46,"type":"if","locations":[{"start":{"line":46,"column":8},"end":{"line":46,"column":8}},{"start":{"line":46,"column":8},"end":{"line":46,"column":8}}]},"6":{"line":47,"type":"if","locations":[{"start":{"line":47,"column":8},"end":{"line":47,"column":8}},{"start":{"line":47,"column":8},"end":{"line":47,"column":8}}]},"7":{"line":52,"type":"if","locations":[{"start":{"line":52,"column":8},"end":{"line":52,"column":8}},{"start":{"line":52,"column":8},"end":{"line":52,"column":8}}]},"8":{"line":60,"type":"if","locations":[{"start":{"line":60,"column":86},"end":{"line":60,"column":86}},{"start":{"line":60,"column":86},"end":{"line":60,"column":86}}]},"9":{"line":61,"type":"if","locations":[{"start":{"line":61,"column":8},"end":{"line":61,"column":8}},{"start":{"line":61,"column":8},"end":{"line":61,"column":8}}]},"10":{"line":73,"type":"if","locations":[{"start":{"line":73,"column":58},"end":{"line":73,"column":58}},{"start":{"line":73,"column":58},"end":{"line":73,"column":58}}]}}},"contracts/TrustToken.sol":{"l":{"20":29,"21":27,"28":29,"29":1,"35":42,"36":42,"41":24,"46":3},"path":"/Users/rishukishan/Documents/9th/internship/TrustChain/contracts/trustchain-task6-s1/contracts/TrustToken.sol","s":{"1":29,"2":29,"3":1,"4":42,"5":24,"6":3},"b":{"1":[27,2],"2":[1,28],"3":[42,1],"4":[24,1],"5":[3,1]},"f":{"1":29,"2":29,"3":42,"4":24,"5":3},"fnMap":{"1":{"name":"onlyController","line":19,"loc":{"start":{"line":19,"column":4},"end":{"line":22,"column":4}}},"2":{"name":"constructor","line":26,"loc":{"start":{"line":24,"column":4},"end":{"line":31,"column":4}}},"3":{"name":"setController","line":34,"loc":{"start":{"line":34,"column":4},"end":{"line":37,"column":4}}},"4":{"name":"mint","line":40,"loc":{"start":{"line":40,"column":4},"end":{"line":42,"column":4}}},"5":{"name":"burnFrom","line":45,"loc":{"start":{"line":45,"column":4},"end":{"line":47,"column":4}}}},"statementMap":{"1":{"start":{"line":20,"column":8},"end":{"line":20,"column":81}},"2":{"start":{"line":28,"column":8},"end":{"line":28,"column":1062}},"3":{"start":{"line":29,"column":12},"end":{"line":29,"column":45}},"4":{"start":{"line":36,"column":8},"end":{"line":36,"column":51}},"5":{"start":{"line":41,"column":8},"end":{"line":41,"column":24}},"6":{"start":{"line":46,"column":8},"end":{"line":46,"column":29}}},"branchMap":{"1":{"line":20,"type":"if","locations":[{"start":{"line":20,"column":8},"end":{"line":20,"column":8}},{"start":{"line":20,"column":8},"end":{"line":20,"column":8}}]},"2":{"line":28,"type":"if","locations":[{"start":{"line":28,"column":8},"end":{"line":28,"column":8}},{"start":{"line":28,"column":8},"end":{"line":28,"column":8}}]},"3":{"line":34,"type":"if","locations":[{"start":{"line":34,"column":70},"end":{"line":34,"column":70}},{"start":{"line":34,"column":70},"end":{"line":34,"column":70}}]},"4":{"line":40,"type":"if","locations":[{"start":{"line":40,"column":55},"end":{"line":40,"column":55}},{"start":{"line":40,"column":55},"end":{"line":40,"column":55}}]},"5":{"line":45,"type":"if","locations":[{"start":{"line":45,"column":64},"end":{"line":45,"column":64}},{"start":{"line":45,"column":64},"end":{"line":45,"column":64}}]}}},"contracts/UserRegistry.sol":{"l":{"32":14,"33":13,"37":16,"42":51,"43":50,"44":50,"51":13,"52":13,"54":12,"55":12,"57":12,"59":12,"63":2,"67":0,"68":0,"72":1,"73":1},"path":"/Users/rishukishan/Documents/9th/internship/TrustChain/contracts/trustchain-task6-s1/contracts/UserRegistry.sol","s":{"1":14,"2":51,"3":50,"4":13,"5":13,"6":12,"7":12,"8":12,"9":2,"10":0,"11":0,"12":1},"b":{"1":[13,1],"2":[50,1],"3":[13,1],"4":[13,0],"5":[13,0],"6":[12,1],"7":[1,1]},"f":{"1":14,"2":16,"3":51,"4":13,"5":2,"6":0,"7":1},"fnMap":{"1":{"name":"onlyRegistered","line":31,"loc":{"start":{"line":31,"column":4},"end":{"line":34,"column":4}}},"2":{"name":"constructor","line":36,"loc":{"start":{"line":36,"column":4},"end":{"line":38,"column":4}}},"3":{"name":"registerUser","line":41,"loc":{"start":{"line":41,"column":4},"end":{"line":45,"column":4}}},"4":{"name":"checkIn","line":50,"loc":{"start":{"line":50,"column":4},"end":{"line":60,"column":4}}},"5":{"name":"getCheckInCount","line":62,"loc":{"start":{"line":62,"column":4},"end":{"line":64,"column":4}}},"6":{"name":"getCheckIn","line":66,"loc":{"start":{"line":66,"column":4},"end":{"line":69,"column":4}}},"7":{"name":"setCheckInReward","line":71,"loc":{"start":{"line":71,"column":4},"end":{"line":74,"column":4}}}},"statementMap":{"1":{"start":{"line":32,"column":8},"end":{"line":32,"column":72}},"2":{"start":{"line":42,"column":8},"end":{"line":42,"column":77}},"3":{"start":{"line":44,"column":8},"end":{"line":44,"column":39}},"4":{"start":{"line":51,"column":8},"end":{"line":51,"column":71}},"5":{"start":{"line":52,"column":8},"end":{"line":52,"column":83}},"6":{"start":{"line":55,"column":8},"end":{"line":55,"column":75}},"7":{"start":{"line":57,"column":8},"end":{"line":57,"column":49}},"8":{"start":{"line":59,"column":8},"end":{"line":59,"column":64}},"9":{"start":{"line":63,"column":8},"end":{"line":63,"column":40}},"10":{"start":{"line":67,"column":8},"end":{"line":67,"column":53}},"11":{"start":{"line":68,"column":8},"end":{"line":68,"column":43}},"12":{"start":{"line":73,"column":8},"end":{"line":73,"column":44}}},"branchMap":{"1":{"line":32,"type":"if","locations":[{"start":{"line":32,"column":8},"end":{"line":32,"column":8}},{"start":{"line":32,"column":8},"end":{"line":32,"column":8}}]},"2":{"line":42,"type":"if","locations":[{"start":{"line":42,"column":8},"end":{"line":42,"column":8}},{"start":{"line":42,"column":8},"end":{"line":42,"column":8}}]},"3":{"line":50,"type":"if","locations":[{"start":{"line":50,"column":51},"end":{"line":50,"column":51}},{"start":{"line":50,"column":51},"end":{"line":50,"column":51}}]},"4":{"line":50,"type":"if","locations":[{"start":{"line":50,"column":66},"end":{"line":50,"column":66}},{"start":{"line":50,"column":66},"end":{"line":50,"column":66}}]},"5":{"line":51,"type":"if","locations":[{"start":{"line":51,"column":8},"end":{"line":51,"column":8}},{"start":{"line":51,"column":8},"end":{"line":51,"column":8}}]},"6":{"line":52,"type":"if","locations":[{"start":{"line":52,"column":8},"end":{"line":52,"column":8}},{"start":{"line":52,"column":8},"end":{"line":52,"column":8}}]},"7":{"line":71,"type":"if","locations":[{"start":{"line":71,"column":58},"end":{"line":71,"column":58}},{"start":{"line":71,"column":58},"end":{"line":71,"column":58}}]}}}}